<?xml version="1.0" encoding="UTF-8"?>
<coverage generated="1738209672934" clover="3.2.0">
  <project timestamp="1738209672934" name="All files">
    <metrics statements="26" coveredstatements="17" conditionals="8" coveredconditionals="2" methods="2" coveredmethods="2" elements="36" coveredelements="21" complexity="0" loc="26" ncloc="26" packages="1" files="1" classes="1"/>
    <file name="cursoController.ts" path="C:\Users\mende\FaculdadeAtualizado\TestesAutomatizados\Tarefa_Grupo\src\controllers\cursoController.ts">
      <metrics statements="26" coveredstatements="17" conditionals="8" coveredconditionals="2" methods="2" coveredmethods="2"/>
      <line num="6" count="1" type="stmt"/>
      <line num="19" count="3" type="stmt"/>
      <line num="20" count="3" type="stmt"/>
      <line num="21" count="3" type="stmt"/>
      <line num="22" count="3" type="stmt"/>
      <line num="26" count="2" type="stmt"/>
      <line num="27" count="2" type="stmt"/>
      <line num="28" count="2" type="stmt"/>
      <line num="31" count="2" type="cond" truecount="2" falsecount="3"/>
      <line num="33" count="1" type="stmt"/>
      <line num="34" count="1" type="stmt"/>
      <line num="35" count="1" type="stmt"/>
      <line num="37" count="1" type="stmt"/>
      <line num="38" count="1" type="stmt"/>
      <line num="39" count="1" type="cond" truecount="0" falsecount="1"/>
      <line num="40" count="0" type="stmt"/>
      <line num="42" count="1" type="stmt"/>
      <line num="44" count="0" type="stmt"/>
      <line num="45" count="0" type="stmt"/>
      <line num="47" count="0" type="cond" truecount="0" falsecount="2"/>
      <line num="48" count="0" type="stmt"/>
      <line num="52" count="0" type="stmt"/>
      <line num="54" count="0" type="stmt"/>
      <line num="57" count="2" type="stmt"/>
      <line num="59" count="0" type="stmt"/>
      <line num="60" count="0" type="stmt"/>
    </file>
  </project>
</coverage>
