{"C:\\Users\\mende\\FaculdadeAtualizado\\TestesAutomatizados\\Tarefa_Grupo\\src\\controllers\\cursoController.ts": {"path":"C:\\Users\\mende\\FaculdadeAtualizado\\TestesAutomatizados\\Tarefa_Grupo\\src\\controllers\\cursoController.ts","statementMap":{"0":{"start":{"line":19,"column":4},"end":{"line":19,"column":49}},"1":{"start":{"line":20,"column":4},"end":{"line":20,"column":49}},"2":{"start":{"line":21,"column":4},"end":{"line":21,"column":49}},"3":{"start":{"line":22,"column":4},"end":{"line":22,"column":43}},"4":{"start":{"line":26,"column":4},"end":{"line":61,"column":5}},"5":{"start":{"line":27,"column":72},"end":{"line":27,"column":80}},"6":{"start":{"line":28,"column":6},"end":{"line":28,"column":64}},"7":{"start":{"line":31,"column":6},"end":{"line":55,"column":7}},"8":{"start":{"line":33,"column":36},"end":{"line":33,"column":93}},"9":{"start":{"line":34,"column":10},"end":{"line":34,"column":71}},"10":{"start":{"line":35,"column":10},"end":{"line":35,"column":16}},"11":{"start":{"line":37,"column":29},"end":{"line":37,"column":119}},"12":{"start":{"line":38,"column":10},"end":{"line":38,"column":72}},"13":{"start":{"line":39,"column":10},"end":{"line":41,"column":11}},"14":{"start":{"line":40,"column":12},"end":{"line":40,"column":null}},"15":{"start":{"line":42,"column":10},"end":{"line":42,"column":16}},"16":{"start":{"line":44,"column":10},"end":{"line":44,"column":83}},"17":{"start":{"line":45,"column":10},"end":{"line":45,"column":16}},"18":{"start":{"line":47,"column":10},"end":{"line":51,"column":11}},"19":{"start":{"line":48,"column":12},"end":{"line":48,"column":82}},"20":{"start":{"line":52,"column":10},"end":{"line":52,"column":16}},"21":{"start":{"line":54,"column":10},"end":{"line":54,"column":50}},"22":{"start":{"line":57,"column":6},"end":{"line":57,"column":91}},"23":{"start":{"line":59,"column":28},"end":{"line":59,"column":51}},"24":{"start":{"line":60,"column":6},"end":{"line":60,"column":95}},"25":{"start":{"line":6,"column":0},"end":{"line":6,"column":13}}},"fnMap":{"0":{"name":"(anonymous_7)","decl":{"start":{"line":13,"column":2},"end":{"line":13,"column":null}},"loc":{"start":{"line":17,"column":37},"end":{"line":23,"column":3}}},"1":{"name":"(anonymous_8)","decl":{"start":{"line":25,"column":15},"end":{"line":25,"column":21}},"loc":{"start":{"line":25,"column":50},"end":{"line":62,"column":null}}}},"branchMap":{"0":{"loc":{"start":{"line":31,"column":6},"end":{"line":55,"column":7}},"type":"switch","locations":[{"start":{"line":32,"column":8},"end":{"line":35,"column":16}},{"start":{"line":36,"column":8},"end":{"line":42,"column":16}},{"start":{"line":43,"column":8},"end":{"line":45,"column":16}},{"start":{"line":46,"column":8},"end":{"line":52,"column":16}},{"start":{"line":53,"column":8},"end":{"line":54,"column":50}}]},"1":{"loc":{"start":{"line":39,"column":10},"end":{"line":41,"column":11}},"type":"if","locations":[{"start":{"line":39,"column":10},"end":{"line":41,"column":11}}]},"2":{"loc":{"start":{"line":47,"column":10},"end":{"line":51,"column":11}},"type":"if","locations":[{"start":{"line":47,"column":10},"end":{"line":51,"column":11}},{"start":{"line":49,"column":17},"end":{"line":51,"column":11}}]}},"s":{"0":3,"1":3,"2":3,"3":3,"4":2,"5":2,"6":2,"7":2,"8":1,"9":1,"10":1,"11":1,"12":1,"13":1,"14":0,"15":1,"16":0,"17":0,"18":0,"19":0,"20":0,"21":0,"22":2,"23":0,"24":0,"25":1},"f":{"0":3,"1":2},"b":{"0":[1,1,0,0,0],"1":[0],"2":[0,0]}}
}
